\BOOKMARK [1][-]{section*.1}{Contents}{}% 1
\BOOKMARK [1][-]{section.1}{Introduction}{}% 2
\BOOKMARK [1][-]{section.2}{Guidelines}{}% 3
\BOOKMARK [2][-]{subsection.2.1}{Main comments}{section.2}% 4
\BOOKMARK [2][-]{subsection.2.2}{Some caution for use}{section.2}% 5
\BOOKMARK [1][-]{section.3}{Files, installation and testroutines}{}% 6
\BOOKMARK [2][-]{subsection.3.1}{Files}{section.3}% 7
\BOOKMARK [2][-]{subsection.3.2}{Installation}{section.3}% 8
\BOOKMARK [2][-]{subsection.3.3}{testroutines}{section.3}% 9
\BOOKMARK [1][-]{section.4}{jbnumlib}{}% 10
\BOOKMARK [2][-]{subsection.4.1}{Complex numbers}{section.4}% 11
\BOOKMARK [2][-]{subsection.4.2}{Special functions}{section.4}% 12
\BOOKMARK [3][-]{subsubsection.4.2.1}{Polylogarithms}{subsection.4.2}% 13
\BOOKMARK [4][-]{paragraph.4.2.1.1}{jbdli2p}{subsubsection.4.2.1}% 14
\BOOKMARK [4][-]{paragraph.4.2.1.2}{jbdli2}{subsubsection.4.2.1}% 15
\BOOKMARK [4][-]{paragraph.4.2.1.3}{jbdli3}{subsubsection.4.2.1}% 16
\BOOKMARK [4][-]{paragraph.4.2.1.4}{jbdli4}{subsubsection.4.2.1}% 17
\BOOKMARK [3][-]{subsubsection.4.2.2}{Bessel functions}{subsection.4.2}% 18
\BOOKMARK [4][-]{paragraph.4.2.2.1}{jbdbesi0}{subsubsection.4.2.2}% 19
\BOOKMARK [4][-]{paragraph.4.2.2.2}{jbdbesi1}{subsubsection.4.2.2}% 20
\BOOKMARK [4][-]{paragraph.4.2.2.3}{jbdbesk0}{subsubsection.4.2.2}% 21
\BOOKMARK [4][-]{paragraph.4.2.2.4}{jbdbesk1}{subsubsection.4.2.2}% 22
\BOOKMARK [4][-]{paragraph.4.2.2.5}{jbdbesk2}{subsubsection.4.2.2}% 23
\BOOKMARK [4][-]{paragraph.4.2.2.6}{jbdbesk3}{subsubsection.4.2.2}% 24
\BOOKMARK [4][-]{paragraph.4.2.2.7}{jbdbesk4}{subsubsection.4.2.2}% 25
\BOOKMARK [3][-]{subsubsection.4.2.3}{Theta and related functions}{subsection.4.2}% 26
\BOOKMARK [4][-]{paragraph.4.2.3.1}{jbdtheta30}{subsubsection.4.2.3}% 27
\BOOKMARK [4][-]{paragraph.4.2.3.2}{jbdtheta30m1}{subsubsection.4.2.3}% 28
\BOOKMARK [4][-]{paragraph.4.2.3.3}{jbdtheta32}{subsubsection.4.2.3}% 29
\BOOKMARK [4][-]{paragraph.4.2.3.4}{jbdtheta34}{subsubsection.4.2.3}% 30
\BOOKMARK [4][-]{paragraph.4.2.3.5}{jbdtheta3}{subsubsection.4.2.3}% 31
\BOOKMARK [4][-]{paragraph.4.2.3.6}{jbderivutheta3}{subsubsection.4.2.3}% 32
\BOOKMARK [4][-]{paragraph.4.2.3.7}{jbderiv2utheta3}{subsubsection.4.2.3}% 33
\BOOKMARK [4][-]{paragraph.4.2.3.8}{jbderiv3utheta3}{subsubsection.4.2.3}% 34
\BOOKMARK [4][-]{paragraph.4.2.3.9}{jbdtheta2d0}{subsubsection.4.2.3}% 35
\BOOKMARK [4][-]{paragraph.4.2.3.10}{jbdtheta2d0m1}{subsubsection.4.2.3}% 36
\BOOKMARK [4][-]{paragraph.4.2.3.11}{jbdtheta2d02}{subsubsection.4.2.3}% 37
\BOOKMARK [2][-]{subsection.4.3}{Root finders}{section.4}% 38
\BOOKMARK [3][-]{subsubsection.4.3.1}{Zero of a real function of one variable}{subsection.4.3}% 39
\BOOKMARK [4][-]{paragraph.4.3.1.1}{jbdzerox}{subsubsection.4.3.1}% 40
\BOOKMARK [3][-]{subsubsection.4.3.2}{Roots of a cubic equation}{subsection.4.3}% 41
\BOOKMARK [4][-]{paragraph.4.3.2.1}{jbdrteq3}{subsubsection.4.3.2}% 42
\BOOKMARK [2][-]{subsection.4.4}{Integration routines}{section.4}% 43
\BOOKMARK [3][-]{subsubsection.4.4.1}{One dimension, real}{subsection.4.4}% 44
\BOOKMARK [4][-]{paragraph.4.4.1.1}{jbdgauss}{subsubsection.4.4.1}% 45
\BOOKMARK [4][-]{paragraph.4.4.1.2}{jbdgauss2}{subsubsection.4.4.1}% 46
\BOOKMARK [4][-]{paragraph.4.4.1.3}{jbdquad15}{subsubsection.4.4.1}% 47
\BOOKMARK [4][-]{paragraph.4.4.1.4}{jbdquad21}{subsubsection.4.4.1}% 48
\BOOKMARK [3][-]{subsubsection.4.4.2}{One dimension, real with singularity}{subsection.4.4}% 49
\BOOKMARK [4][-]{paragraph.4.4.2.1}{jbdcauch}{subsubsection.4.4.2}% 50
\BOOKMARK [4][-]{paragraph.4.4.2.2}{jbdcauch2}{subsubsection.4.4.2}% 51
\BOOKMARK [4][-]{paragraph.4.4.2.3}{jbdsing15}{subsubsection.4.4.2}% 52
\BOOKMARK [4][-]{paragraph.4.4.2.4}{jbdsing21}{subsubsection.4.4.2}% 53
\BOOKMARK [3][-]{subsubsection.4.4.3}{One dimension, complex}{subsection.4.4}% 54
\BOOKMARK [4][-]{paragraph.4.4.3.1}{jbwgauss}{subsubsection.4.4.3}% 55
\BOOKMARK [4][-]{paragraph.4.4.3.2}{jbwgauss2}{subsubsection.4.4.3}% 56
\BOOKMARK [4][-]{paragraph.4.4.3.3}{jbwquad15}{subsubsection.4.4.3}% 57
\BOOKMARK [4][-]{paragraph.4.4.3.4}{jbwquad21}{subsubsection.4.4.3}% 58
\BOOKMARK [3][-]{subsubsection.4.4.4}{Two dimensions, real}{subsection.4.4}% 59
\BOOKMARK [4][-]{paragraph.4.4.4.1}{jbdad2}{subsubsection.4.4.4}% 60
\BOOKMARK [3][-]{subsubsection.4.4.5}{Three dimensions, real}{subsection.4.4}% 61
\BOOKMARK [4][-]{paragraph.4.4.5.1}{jbdad3}{subsubsection.4.4.5}% 62
\BOOKMARK [1][-]{section.5}{Chiral Perturbation Theory}{}% 63
\BOOKMARK [1][-]{section.6}{Data structures}{}% 64
\BOOKMARK [2][-]{subsection.6.1}{Two flavour ChPT}{section.6}% 65
\BOOKMARK [3][-]{subsubsection.6.1.1}{Class: physmassnf2}{subsection.6.1}% 66
\BOOKMARK [3][-]{subsubsection.6.1.2}{Class: lomassnf2}{subsection.6.1}% 67
\BOOKMARK [3][-]{subsubsection.6.1.3}{Class: quarkmassnf2}{subsection.6.1}% 68
\BOOKMARK [3][-]{subsubsection.6.1.4}{NLO LECs: Class li}{subsection.6.1}% 69
\BOOKMARK [3][-]{subsubsection.6.1.5}{NLO LECs: Class libar}{subsection.6.1}% 70
\BOOKMARK [2][-]{subsection.6.2}{Three flavour ChPT}{section.6}% 71
\BOOKMARK [3][-]{subsubsection.6.2.1}{Class: physmass}{subsection.6.2}% 72
\BOOKMARK [3][-]{subsubsection.6.2.2}{Class: lomass}{subsection.6.2}% 73
\BOOKMARK [3][-]{subsubsection.6.2.3}{Class: quarkmass}{subsection.6.2}% 74
\BOOKMARK [3][-]{subsubsection.6.2.4}{NLO LECs: Class Li}{subsection.6.2}% 75
\BOOKMARK [3][-]{subsubsection.6.2.5}{NNLO LECs: Class Ci}{subsection.6.2}% 76
\BOOKMARK [2][-]{subsection.6.3}{nF flavour ChPT}{section.6}% 77
\BOOKMARK [3][-]{subsubsection.6.3.1}{Class: quarkmassnf}{subsection.6.3}% 78
\BOOKMARK [3][-]{subsubsection.6.3.2}{Class: lomassnf}{subsection.6.3}% 79
\BOOKMARK [3][-]{subsubsection.6.3.3}{NLO LECs: Class Linf}{subsection.6.3}% 80
\BOOKMARK [3][-]{subsubsection.6.3.4}{NNLO LECs: Class Ki}{subsection.6.3}% 81
\BOOKMARK [2][-]{subsection.6.4}{Vectors}{section.6}% 82
\BOOKMARK [3][-]{subsubsection.6.4.1}{Class: fourvector}{subsection.6.4}% 83
\BOOKMARK [1][-]{section.7}{Loop integrals}{}% 84
\BOOKMARK [2][-]{subsection.7.1}{Tadpole or one-propagator integrals}{section.7}% 85
\BOOKMARK [2][-]{subsection.7.2}{Bubbles or two-propagator integrals}{section.7}% 86
\BOOKMARK [3][-]{subsubsection.7.2.1}{Definitions}{subsection.7.2}% 87
\BOOKMARK [3][-]{subsubsection.7.2.2}{Analytical implementation}{subsection.7.2}% 88
\BOOKMARK [3][-]{subsubsection.7.2.3}{Numerical implementation}{subsection.7.2}% 89
\BOOKMARK [2][-]{subsection.7.3}{Bubbles or two-propagator integrals with different powers of propagators}{section.7}% 90
\BOOKMARK [3][-]{subsubsection.7.3.1}{Definitions}{subsection.7.3}% 91
\BOOKMARK [3][-]{subsubsection.7.3.2}{Analytical implementation}{subsection.7.3}% 92
\BOOKMARK [2][-]{subsection.7.4}{Sunset integrals}{section.7}% 93
\BOOKMARK [3][-]{subsubsection.7.4.1}{Definition}{subsection.7.4}% 94
\BOOKMARK [3][-]{subsubsection.7.4.2}{Functions}{subsection.7.4}% 95
\BOOKMARK [2][-]{subsection.7.5}{Sunsetintegrals with different powers of propagators}{section.7}% 96
\BOOKMARK [3][-]{subsubsection.7.5.1}{Definition}{subsection.7.5}% 97
\BOOKMARK [3][-]{subsubsection.7.5.2}{Functions}{subsection.7.5}% 98
\BOOKMARK [2][-]{subsection.7.6}{Finite volume tadpole integrals: periodic boundary conditions}{section.7}% 99
\BOOKMARK [3][-]{subsubsection.7.6.1}{Definitions}{subsection.7.6}% 100
\BOOKMARK [3][-]{subsubsection.7.6.2}{Functions}{subsection.7.6}% 101
\BOOKMARK [2][-]{subsection.7.7}{Finite volume tadpole integrals: twisted boundary conditions}{section.7}% 102
\BOOKMARK [3][-]{subsubsection.7.7.1}{Definitions}{subsection.7.7}% 103
\BOOKMARK [3][-]{subsubsection.7.7.2}{Functions}{subsection.7.7}% 104
\BOOKMARK [2][-]{subsection.7.8}{Finite volume bubble integrals: periodic boundary conditions}{section.7}% 105
\BOOKMARK [3][-]{subsubsection.7.8.1}{Definitions}{subsection.7.8}% 106
\BOOKMARK [3][-]{subsubsection.7.8.2}{Functions}{subsection.7.8}% 107
\BOOKMARK [4][-]{paragraph.7.8.2.1}{p=0 and periodic boundary conditions}{subsubsection.7.8.2}% 108
\BOOKMARK [2][-]{subsection.7.9}{Finite volume bubble integrals: twisted boundary conditions}{section.7}% 109
\BOOKMARK [3][-]{subsubsection.7.9.1}{Definitions}{subsection.7.9}% 110
\BOOKMARK [3][-]{subsubsection.7.9.2}{Functions}{subsection.7.9}% 111
\BOOKMARK [2][-]{subsection.7.10}{Finite volume sunsetintegrals}{section.7}% 112
\BOOKMARK [3][-]{subsubsection.7.10.1}{Definitions}{subsection.7.10}% 113
\BOOKMARK [3][-]{subsubsection.7.10.2}{Functions}{subsection.7.10}% 114
\BOOKMARK [2][-]{subsection.7.11}{Finite volume sunsetintegrals with different powers of propagators}{section.7}% 115
\BOOKMARK [3][-]{subsubsection.7.11.1}{Definitions}{subsection.7.11}% 116
\BOOKMARK [3][-]{subsubsection.7.11.2}{Functions}{subsection.7.11}% 117
\BOOKMARK [1][-]{section.8}{Two flavour isospin conserving results}{}% 118
\BOOKMARK [2][-]{subsection.8.1}{Mass, decay constant and vacuum-expectation-value: in physical}{section.8}% 119
\BOOKMARK [3][-]{subsubsection.8.1.1}{Mass}{subsection.8.1}% 120
\BOOKMARK [3][-]{subsubsection.8.1.2}{Decay constant}{subsection.8.1}% 121
\BOOKMARK [3][-]{subsubsection.8.1.3}{vacuum-expectation-value}{subsection.8.1}% 122
\BOOKMARK [2][-]{subsection.8.2}{Mass, decay constant and vacuum-expectation-value at finite volume: in physical}{section.8}% 123
\BOOKMARK [3][-]{subsubsection.8.2.1}{Mass at finite volume: in physical}{subsection.8.2}% 124
\BOOKMARK [3][-]{subsubsection.8.2.2}{Decay constant at finite volume: in physical}{subsection.8.2}% 125
\BOOKMARK [3][-]{subsubsection.8.2.3}{Vacuum-expectation-value at finite volume: in physical}{subsection.8.2}% 126
\BOOKMARK [1][-]{section.9}{Three flavour isospin conserving results}{}% 127
\BOOKMARK [2][-]{subsection.9.1}{Masses, decay constants and vacuum-expectation-values: in physical}{section.9}% 128
\BOOKMARK [3][-]{subsubsection.9.1.1}{Masses}{subsection.9.1}% 129
\BOOKMARK [3][-]{subsubsection.9.1.2}{Decay constants}{subsection.9.1}% 130
\BOOKMARK [3][-]{subsubsection.9.1.3}{getfpimeta}{subsection.9.1}% 131
\BOOKMARK [3][-]{subsubsection.9.1.4}{Vacuum-expectation-values}{subsection.9.1}% 132
\BOOKMARK [2][-]{subsection.9.2}{Masses, decay constants and vacuum-expectation-values: in lowest order}{section.9}% 133
\BOOKMARK [3][-]{subsubsection.9.2.1}{Masses: in lowest order}{subsection.9.2}% 134
\BOOKMARK [3][-]{subsubsection.9.2.2}{Decay constants: in lowest order}{subsection.9.2}% 135
\BOOKMARK [3][-]{subsubsection.9.2.3}{Vacuum-expectation-values: in lowest order}{subsection.9.2}% 136
\BOOKMARK [2][-]{subsection.9.3}{Masses and decay constants at finite volume: in physical}{section.9}% 137
\BOOKMARK [3][-]{subsubsection.9.3.1}{Masses at finite volume: in physical}{subsection.9.3}% 138
\BOOKMARK [3][-]{subsubsection.9.3.2}{Decay constants at finite volume: in physical}{subsection.9.3}% 139
\BOOKMARK [2][-]{subsection.9.4}{Masses, decay constants and vacuum expectation values at finite volume: in lowest order}{section.9}% 140
\BOOKMARK [3][-]{subsubsection.9.4.1}{Masses at finite volume: in lowest order}{subsection.9.4}% 141
\BOOKMARK [3][-]{subsubsection.9.4.2}{Decay constants at finite volume: in lowest order}{subsection.9.4}% 142
\BOOKMARK [3][-]{subsubsection.9.4.3}{Vacuum-expectation-values at finite volume: in lowest order}{subsection.9.4}% 143
\BOOKMARK [2][-]{subsection.9.5}{Masses, decay constants and vacuum expectation values at finite volume with twisted boundary conditions: in lowest order}{section.9}% 144
\BOOKMARK [3][-]{subsubsection.9.5.1}{Masses}{subsection.9.5}% 145
\BOOKMARK [2][-]{subsection.9.6}{Vector form-factors: in lowest order}{section.9}% 146
\BOOKMARK [3][-]{subsubsection.9.6.1}{Electromagnetic form-factors}{subsection.9.6}% 147
\BOOKMARK [4][-]{paragraph.9.6.1.1}{Functions}{subsubsection.9.6.1}% 148
\BOOKMARK [3][-]{subsubsection.9.6.2}{K and K3 form-factors}{subsection.9.6}% 149
\BOOKMARK [4][-]{paragraph.9.6.2.1}{Functions}{subsubsection.9.6.2}% 150
\BOOKMARK [1][-]{section.10}{Three flavour partially quenched results}{}% 151
\BOOKMARK [2][-]{subsection.10.1}{Masses}{section.10}% 152
\BOOKMARK [2][-]{subsection.10.2}{Decay constants}{section.10}% 153
\BOOKMARK [2][-]{subsection.10.3}{Masses at finite volume}{section.10}% 154
\BOOKMARK [2][-]{subsection.10.4}{Decay constants at finite volume}{section.10}% 155
\BOOKMARK [2][-]{subsection.10.5}{Vector form-factors}{section.10}% 156
\BOOKMARK [3][-]{subsubsection.10.5.1}{K or K3 form-factors}{subsection.10.5}% 157
\BOOKMARK [3][-]{subsubsection.10.5.2}{Functions}{subsection.10.5}% 158
\BOOKMARK [1][-]{section.11}{QCD like theories for NF flavours}{}% 159
\BOOKMARK [2][-]{subsection.11.1}{Mass, decay constant and vacuum-expectation-value: in lowest order}{section.11}% 160
\BOOKMARK [2][-]{subsection.11.2}{Mass, decay constant and vacuum-expectation-value at finite volume: in lowest order}{section.11}% 161
\BOOKMARK [2][-]{subsection.11.3}{Partially quenched mass, decay constant and vacuum-expectation-value: in lowest order}{section.11}% 162
\BOOKMARK [2][-]{subsection.11.4}{Partially quenched mass, decay constant and vacuum-expectation-value at finite volume: in lowest order}{section.11}% 163
\BOOKMARK [1][-]{appendix.A}{GNU GENERAL PUBLIC LICENSE}{}% 164
\BOOKMARK [1][-]{appendix.B}{Creative Commons Attribution 4.0 International Public License}{}% 165
\BOOKMARK [1][-]{section*.2}{References}{}% 166
\BOOKMARK [1][-]{section*.3}{Index}{}% 167
